#
# There is insufficient memory for the Java Runtime Environment to continue.
# Native memory allocation (malloc) failed to allocate 1369776 bytes for Chunk::new
# Possible reasons:
#   The system is out of physical RAM or swap space
#   The process is running with CompressedOops enabled, and the Java Heap may be blocking the growth of the native heap
# Possible solutions:
#   Reduce memory load on the system
#   Increase physical memory or swap space
#   Check if swap backing store is full
#   Decrease Java heap size (-Xmx/-Xms)
#   Decrease number of Java threads
#   Decrease Java thread stack sizes (-Xss)
#   Set larger code cache with -XX:ReservedCodeCacheSize=
#   JVM is running with Unscaled Compressed Oops mode in which the Java heap is
#     placed in the first 4GB address space. The Java Heap base address is the
#     maximum limit for the native heap growth. Please use -XX:HeapBaseMinAddress
#     to set the Java Heap base and to place the Java Heap above 4GB virtual address.
# This output file may be truncated or incomplete.
#
#  Out of Memory Error (./src/hotspot/share/memory/arena.cpp:197), pid=5512, tid=14172
#
# JRE version: OpenJDK Runtime Environment (11.0.10) (build 11.0.10+0-b96-7249189)
# Java VM: OpenJDK 64-Bit Server VM (11.0.10+0-b96-7249189, mixed mode, tiered, compressed oops, g1 gc, windows-amd64)
# No core dump will be written. Minidumps are not enabled by default on client versions of Windows
#

---------------  S U M M A R Y ------------

Command Line: --add-opens=java.base/java.util=ALL-UNNAMED --add-opens=java.base/java.lang=ALL-UNNAMED --add-opens=java.base/java.lang.invoke=ALL-UNNAMED --add-opens=java.base/java.util=ALL-UNNAMED --add-opens=java.prefs/java.util.prefs=ALL-UNNAMED --add-opens=java.prefs/java.util.prefs=ALL-UNNAMED --add-opens=java.base/java.nio.charset=ALL-UNNAMED --add-opens=java.base/java.net=ALL-UNNAMED --add-opens=java.base/java.util.concurrent.atomic=ALL-UNNAMED -Xmx2048m -Dfile.encoding=UTF-8 -Duser.country=PE -Duser.language=es -Duser.variant org.gradle.launcher.daemon.bootstrap.GradleDaemon 7.0.2

Host: AMD Ryzen 5 4600H with Radeon Graphics         , 12 cores, 15G,  Windows 10 , 64 bit Build 26100 (10.0.26100.4484)
Time: Mon Aug 11 16:54:30 2025 Hora est. Pacífico, Sudamérica elapsed time: 22.075656 seconds (0d 0h 0m 22s)

---------------  T H R E A D  ---------------

Current thread (0x000001bea6c0e000):  JavaThread "C2 CompilerThread0" daemon [_thread_in_native, id=14172, stack(0x000000a1c3b00000,0x000000a1c3c00000)]


Current CompileTask:
C2:  22075 2253   !   4       java.net.URL::<init> (543 bytes)

Stack: [0x000000a1c3b00000,0x000000a1c3c00000]
Native frames: (J=compiled Java code, j=interpreted, Vv=VM code, C=native code)
V  [jvm.dll+0x5ecfaa]
V  [jvm.dll+0x722bd5]
V  [jvm.dll+0x72412d]
V  [jvm.dll+0x7247e3]
V  [jvm.dll+0x242928]
V  [jvm.dll+0xbc4fc]
V  [jvm.dll+0xbca0c]
V  [jvm.dll+0x352d7d]
V  [jvm.dll+0x320ad3]
V  [jvm.dll+0x31ffca]
V  [jvm.dll+0x1fb602]
V  [jvm.dll+0x1fa7f4]
V  [jvm.dll+0x18354c]
V  [jvm.dll+0x208ee7]
V  [jvm.dll+0x207731]
V  [jvm.dll+0x6eb1cf]
V  [jvm.dll+0x6e3d45]
V  [jvm.dll+0x5ebe96]
C  [ucrtbase.dll+0x37b0]
C  [KERNEL32.DLL+0x2e8d7]
C  [ntdll.dll+0x3c34c]


---------------  P R O C E S S  ---------------

Threads class SMR info:
_java_thread_list=0x000001bea9162b20, length=29, elements={
0x000001be8ba7f000, 0x000001bea6ba6000, 0x000001bea6bb0000, 0x000001bea6c07800,
0x000001bea6c08800, 0x000001bea6c0b800, 0x000001bea6c0e000, 0x000001bea6c10000,
0x000001bea6c1a000, 0x000001bea6d88000, 0x000001bea7729000, 0x000001bea6ed7800,
0x000001bea91fb000, 0x000001bea9875000, 0x000001bea876c000, 0x000001bea9956000,
0x000001bea9956800, 0x000001bea9b60800, 0x000001bea9b61800, 0x000001bea941a800,
0x000001bea941b000, 0x000001bea941c000, 0x000001bea9419800, 0x000001beaa091000,
0x000001beaa08f000, 0x000001beaa090000, 0x000001beaa092800, 0x000001beaa094000,
0x000001beaa091800
}

Java Threads: ( => current thread )
  0x000001be8ba7f000 JavaThread "main" [_thread_blocked, id=13696, stack(0x000000a1c2f00000,0x000000a1c3000000)]
  0x000001bea6ba6000 JavaThread "Reference Handler" daemon [_thread_blocked, id=12232, stack(0x000000a1c3600000,0x000000a1c3700000)]
  0x000001bea6bb0000 JavaThread "Finalizer" daemon [_thread_blocked, id=8944, stack(0x000000a1c3700000,0x000000a1c3800000)]
  0x000001bea6c07800 JavaThread "Signal Dispatcher" daemon [_thread_blocked, id=8200, stack(0x000000a1c3800000,0x000000a1c3900000)]
  0x000001bea6c08800 JavaThread "Attach Listener" daemon [_thread_blocked, id=19736, stack(0x000000a1c3900000,0x000000a1c3a00000)]
  0x000001bea6c0b800 JavaThread "Service Thread" daemon [_thread_blocked, id=7712, stack(0x000000a1c3a00000,0x000000a1c3b00000)]
=>0x000001bea6c0e000 JavaThread "C2 CompilerThread0" daemon [_thread_in_native, id=14172, stack(0x000000a1c3b00000,0x000000a1c3c00000)]
  0x000001bea6c10000 JavaThread "C1 CompilerThread0" daemon [_thread_blocked, id=14972, stack(0x000000a1c3c00000,0x000000a1c3d00000)]
  0x000001bea6c1a000 JavaThread "Sweeper thread" daemon [_thread_blocked, id=19016, stack(0x000000a1c3d00000,0x000000a1c3e00000)]
  0x000001bea6d88000 JavaThread "Common-Cleaner" daemon [_thread_blocked, id=20772, stack(0x000000a1c3e00000,0x000000a1c3f00000)]
  0x000001bea7729000 JavaThread "Daemon health stats" [_thread_blocked, id=18280, stack(0x000000a1c4500000,0x000000a1c4600000)]
  0x000001bea6ed7800 JavaThread "Incoming local TCP Connector on port 11806" [_thread_in_native, id=21332, stack(0x000000a1c4400000,0x000000a1c4500000)]
  0x000001bea91fb000 JavaThread "Daemon periodic checks" [_thread_blocked, id=19196, stack(0x000000a1c4600000,0x000000a1c4700000)]
  0x000001bea9875000 JavaThread "Daemon" [_thread_blocked, id=19728, stack(0x000000a1c4700000,0x000000a1c4800000)]
  0x000001bea876c000 JavaThread "Handler for socket connection from /127.0.0.1:11806 to /127.0.0.1:11807" [_thread_in_native, id=3096, stack(0x000000a1c4800000,0x000000a1c4900000)]
  0x000001bea9956000 JavaThread "Cancel handler" [_thread_blocked, id=8852, stack(0x000000a1c4900000,0x000000a1c4a00000)]
  0x000001bea9956800 JavaThread "Daemon worker" [_thread_in_native, id=11036, stack(0x000000a1c4a00000,0x000000a1c4b00000)]
  0x000001bea9b60800 JavaThread "Asynchronous log dispatcher for DefaultDaemonConnection: socket connection from /127.0.0.1:11806 to /127.0.0.1:11807" [_thread_blocked, id=13460, stack(0x000000a1c4b00000,0x000000a1c4c00000)]
  0x000001bea9b61800 JavaThread "Stdin handler" [_thread_blocked, id=7696, stack(0x000000a1c4c00000,0x000000a1c4d00000)]
  0x000001bea941a800 JavaThread "Daemon client event forwarder" [_thread_blocked, id=324, stack(0x000000a1c4d00000,0x000000a1c4e00000)]
  0x000001bea941b000 JavaThread "Cache worker for file hash cache (G:\Android\gradle-7.1.1\caches\7.0.2\fileHashes)" [_thread_blocked, id=7088, stack(0x000000a1c4e00000,0x000000a1c4f00000)]
  0x000001bea941c000 JavaThread "File lock request listener" [_thread_in_native, id=5764, stack(0x000000a1c4f00000,0x000000a1c5000000)]
  0x000001bea9419800 JavaThread "Cache worker for journal cache (G:\Android\gradle-7.1.1\caches\journal-1)" [_thread_blocked, id=19704, stack(0x000000a1c5700000,0x000000a1c5800000)]
  0x000001beaa091000 JavaThread "Cache worker for file hash cache (G:\Android\AndroidProyectos\spa-app\VitaSpa\.gradle\7.0.2\fileHashes)" [_thread_blocked, id=2144, stack(0x000000a1c5900000,0x000000a1c5a00000)]
  0x000001beaa08f000 JavaThread "File watcher server" daemon [_thread_in_native, id=17972, stack(0x000000a1c5a00000,0x000000a1c5b00000)]
  0x000001beaa090000 JavaThread "File watcher consumer" daemon [_thread_blocked, id=19852, stack(0x000000a1c5b00000,0x000000a1c5c00000)]
  0x000001beaa092800 JavaThread "Cache worker for checksums cache (G:\Android\AndroidProyectos\spa-app\VitaSpa\.gradle\checksums)" [_thread_blocked, id=12276, stack(0x000000a1c5c00000,0x000000a1c5d00000)]
  0x000001beaa094000 JavaThread "Cache worker for cache directory md-supplier (G:\Android\gradle-7.1.1\caches\7.0.2\md-supplier)" [_thread_blocked, id=20328, stack(0x000000a1c5d00000,0x000000a1c5e00000)]
  0x000001beaa091800 JavaThread "Cache worker for cache directory md-rule (G:\Android\gradle-7.1.1\caches\7.0.2\md-rule)" [_thread_blocked, id=8248, stack(0x000000a1c5e00000,0x000000a1c5f00000)]

Other Threads:
  0x000001bea6ba3800 VMThread "VM Thread" [stack: 0x000000a1c3500000,0x000000a1c3600000] [id=7380]
  0x000001bea6db9000 WatcherThread [stack: 0x000000a1c3f00000,0x000000a1c4000000] [id=13424]
  0x000001be8ba97800 GCTaskThread "GC Thread#0" [stack: 0x000000a1c3000000,0x000000a1c3100000] [id=3408]
  0x000001bea7875800 GCTaskThread "GC Thread#1" [stack: 0x000000a1c4000000,0x000000a1c4100000] [id=21472]
  0x000001bea7876000 GCTaskThread "GC Thread#2" [stack: 0x000000a1c4100000,0x000000a1c4200000] [id=19464]
  0x000001bea71e2000 GCTaskThread "GC Thread#3" [stack: 0x000000a1c4200000,0x000000a1c4300000] [id=11056]
  0x000001bea71e2800 GCTaskThread "GC Thread#4" [stack: 0x000000a1c4300000,0x000000a1c4400000] [id=18668]
  0x000001bea7c5d000 GCTaskThread "GC Thread#5" [stack: 0x000000a1c5000000,0x000000a1c5100000] [id=5316]
  0x000001bea7f75800 GCTaskThread "GC Thread#6" [stack: 0x000000a1c5100000,0x000000a1c5200000] [id=19944]
  0x000001bea8186800 GCTaskThread "GC Thread#7" [stack: 0x000000a1c5200000,0x000000a1c5300000] [id=7044]
  0x000001bea8591000 GCTaskThread "GC Thread#8" [stack: 0x000000a1c5300000,0x000000a1c5400000] [id=10452]
  0x000001bea8fb6000 GCTaskThread "GC Thread#9" [stack: 0x000000a1c5400000,0x000000a1c5500000] [id=1580]
  0x000001be8bace000 ConcurrentGCThread "G1 Main Marker" [stack: 0x000000a1c3100000,0x000000a1c3200000] [id=3016]
  0x000001be8bad0800 ConcurrentGCThread "G1 Conc#0" [stack: 0x000000a1c3200000,0x000000a1c3300000] [id=13028]
  0x000001bea90fd000 ConcurrentGCThread "G1 Conc#1" [stack: 0x000000a1c5500000,0x000000a1c5600000] [id=19148]
  0x000001bea90fa000 ConcurrentGCThread "G1 Conc#2" [stack: 0x000000a1c5600000,0x000000a1c5700000] [id=20308]
  0x000001bea61d7000 ConcurrentGCThread "G1 Refine#0" [stack: 0x000000a1c3300000,0x000000a1c3400000] [id=18628]
  0x000001bea61da000 ConcurrentGCThread "G1 Young RemSet Sampling" [stack: 0x000000a1c3400000,0x000000a1c3500000] [id=11144]

Threads with active compile tasks:
C2 CompilerThread0  22178 2253   !   4       java.net.URL::<init> (543 bytes)

VM state:not at safepoint (normal execution)

VM Mutex/Monitor currently owned by a thread: None

Heap address: 0x0000000080000000, size: 2048 MB, Compressed Oops mode: 32-bit
Narrow klass base: 0x0000000000000000, Narrow klass shift: 3
Compressed class space size: 1073741824 Address: 0x0000000100000000

Heap:
 garbage-first heap   total 251904K, used 58365K [0x0000000080000000, 0x0000000100000000)
  region size 1024K, 42 young (43008K), 2 survivors (2048K)
 Metaspace       used 28344K, capacity 29054K, committed 29184K, reserved 1075200K
  class space    used 3779K, capacity 4030K, committed 4096K, reserved 1048576K
Heap Regions: E=young(eden), S=young(survivor), O=old, HS=humongous(starts), HC=humongous(continues), CS=collection set, F=free, A=archive, TAMS=top-at-mark-start (previous, next)
|   0|0x0000000080000000, 0x0000000080100000, 0x0000000080100000|100%| O|  |TAMS 0x0000000080000000, 0x0000000080000000| Untracked 
|   1|0x0000000080100000, 0x0000000080200000, 0x0000000080200000|100%| O|  |TAMS 0x0000000080100000, 0x0000000080100000| Untracked 
|   2|0x0000000080200000, 0x0000000080300000, 0x0000000080300000|100%| O|  |TAMS 0x0000000080200000, 0x0000000080200000| Untracked 
|   3|0x0000000080300000, 0x0000000080400000, 0x0000000080400000|100%|HS|  |TAMS 0x0000000080400000, 0x0000000080300000| Complete 
|   4|0x0000000080400000, 0x0000000080500000, 0x0000000080500000|100%|HC|  |TAMS 0x0000000080500000, 0x0000000080400000| Complete 
|   5|0x0000000080500000, 0x0000000080600000, 0x0000000080600000|100%|HC|  |TAMS 0x0000000080600000, 0x0000000080500000| Complete 
|   6|0x0000000080600000, 0x0000000080700000, 0x0000000080700000|100%| O|  |TAMS 0x0000000080700000, 0x0000000080600000| Untracked 
|   7|0x0000000080700000, 0x0000000080800000, 0x0000000080800000|100%| O|  |TAMS 0x0000000080800000, 0x0000000080700000| Untracked 
|   8|0x0000000080800000, 0x0000000080900000, 0x0000000080900000|100%| O|  |TAMS 0x00000000808fe200, 0x0000000080800000| Untracked 
|   9|0x0000000080900000, 0x0000000080a00000, 0x0000000080a00000|100%| O|  |TAMS 0x0000000080900000, 0x0000000080900000| Untracked 
|  10|0x0000000080a00000, 0x0000000080b00000, 0x0000000080b00000|100%| O|  |TAMS 0x0000000080a00000, 0x0000000080a00000| Untracked 
|  11|0x0000000080b00000, 0x0000000080c00000, 0x0000000080c00000|100%| O|  |TAMS 0x0000000080b00000, 0x0000000080b00000| Untracked 
|  12|0x0000000080c00000, 0x0000000080d00000, 0x0000000080d00000|100%| O|  |TAMS 0x0000000080c00000, 0x0000000080c00000| Untracked 
|  13|0x0000000080d00000, 0x0000000080e00000, 0x0000000080e00000|100%| O|  |TAMS 0x0000000080d00000, 0x0000000080d00000| Untracked 
|  14|0x0000000080e00000, 0x0000000080f00000, 0x0000000080f00000|100%| O|  |TAMS 0x0000000080e00000, 0x0000000080e00000| Untracked 
|  15|0x0000000080f00000, 0x0000000081000000, 0x0000000081000000|100%| O|  |TAMS 0x0000000080f00000, 0x0000000080f00000| Untracked 
|  16|0x0000000081000000, 0x0000000081016200, 0x0000000081100000|  8%| O|  |TAMS 0x0000000081000000, 0x0000000081000000| Untracked 
|  17|0x0000000081100000, 0x0000000081100000, 0x0000000081200000|  0%| F|  |TAMS 0x0000000081100000, 0x0000000081100000| Untracked 
|  18|0x0000000081200000, 0x0000000081200000, 0x0000000081300000|  0%| F|  |TAMS 0x0000000081200000, 0x0000000081200000| Untracked 
|  19|0x0000000081300000, 0x0000000081300000, 0x0000000081400000|  0%| F|  |TAMS 0x0000000081300000, 0x0000000081300000| Untracked 
|  20|0x0000000081400000, 0x0000000081400000, 0x0000000081500000|  0%| F|  |TAMS 0x0000000081400000, 0x0000000081400000| Untracked 
|  21|0x0000000081500000, 0x0000000081500000, 0x0000000081600000|  0%| F|  |TAMS 0x0000000081500000, 0x0000000081500000| Untracked 
|  22|0x0000000081600000, 0x0000000081600000, 0x0000000081700000|  0%| F|  |TAMS 0x0000000081600000, 0x0000000081600000| Untracked 
|  23|0x0000000081700000, 0x0000000081700000, 0x0000000081800000|  0%| F|  |TAMS 0x0000000081700000, 0x0000000081700000| Untracked 
|  24|0x0000000081800000, 0x0000000081800000, 0x0000000081900000|  0%| F|  |TAMS 0x0000000081800000, 0x0000000081800000| Untracked 
|  25|0x0000000081900000, 0x0000000081900000, 0x0000000081a00000|  0%| F|  |TAMS 0x0000000081900000, 0x0000000081900000| Untracked 
|  26|0x0000000081a00000, 0x0000000081a00000, 0x0000000081b00000|  0%| F|  |TAMS 0x0000000081a00000, 0x0000000081a00000| Untracked 
|  27|0x0000000081b00000, 0x0000000081b00000, 0x0000000081c00000|  0%| F|  |TAMS 0x0000000081b00000, 0x0000000081b00000| Untracked 
|  28|0x0000000081c00000, 0x0000000081c00000, 0x0000000081d00000|  0%| F|  |TAMS 0x0000000081c00000, 0x0000000081c00000| Untracked 
|  29|0x0000000081d00000, 0x0000000081d00000, 0x0000000081e00000|  0%| F|  |TAMS 0x0000000081d00000, 0x0000000081d00000| Untracked 
|  30|0x0000000081e00000, 0x0000000081e00000, 0x0000000081f00000|  0%| F|  |TAMS 0x0000000081e00000, 0x0000000081e00000| Untracked 
|  31|0x0000000081f00000, 0x0000000081f00000, 0x0000000082000000|  0%| F|  |TAMS 0x0000000081f00000, 0x0000000081f00000| Untracked 
|  32|0x0000000082000000, 0x0000000082000000, 0x0000000082100000|  0%| F|  |TAMS 0x0000000082000000, 0x0000000082000000| Untracked 
|  33|0x0000000082100000, 0x0000000082100000, 0x0000000082200000|  0%| F|  |TAMS 0x0000000082100000, 0x0000000082100000| Untracked 
|  34|0x0000000082200000, 0x0000000082200000, 0x0000000082300000|  0%| F|  |TAMS 0x0000000082200000, 0x0000000082200000| Untracked 
|  35|0x0000000082300000, 0x0000000082300000, 0x0000000082400000|  0%| F|  |TAMS 0x0000000082300000, 0x0000000082300000| Untracked 
|  36|0x0000000082400000, 0x0000000082400000, 0x0000000082500000|  0%| F|  |TAMS 0x0000000082400000, 0x0000000082400000| Untracked 
|  37|0x0000000082500000, 0x0000000082500000, 0x0000000082600000|  0%| F|  |TAMS 0x0000000082500000, 0x0000000082500000| Untracked 
|  38|0x0000000082600000, 0x0000000082600000, 0x0000000082700000|  0%| F|  |TAMS 0x0000000082600000, 0x0000000082600000| Untracked 
|  39|0x0000000082700000, 0x0000000082700000, 0x0000000082800000|  0%| F|  |TAMS 0x0000000082700000, 0x0000000082700000| Untracked 
|  40|0x0000000082800000, 0x0000000082800000, 0x0000000082900000|  0%| F|  |TAMS 0x0000000082800000, 0x0000000082800000| Untracked 
|  41|0x0000000082900000, 0x0000000082900000, 0x0000000082a00000|  0%| F|  |TAMS 0x0000000082900000, 0x0000000082900000| Untracked 
|  42|0x0000000082a00000, 0x0000000082a00000, 0x0000000082b00000|  0%| F|  |TAMS 0x0000000082a00000, 0x0000000082a00000| Untracked 
|  43|0x0000000082b00000, 0x0000000082b00000, 0x0000000082c00000|  0%| F|  |TAMS 0x0000000082b00000, 0x0000000082b00000| Untracked 
|  44|0x0000000082c00000, 0x0000000082c00000, 0x0000000082d00000|  0%| F|  |TAMS 0x0000000082c00000, 0x0000000082c00000| Untracked 
|  45|0x0000000082d00000, 0x0000000082d00000, 0x0000000082e00000|  0%| F|  |TAMS 0x0000000082d00000, 0x0000000082d00000| Untracked 
|  46|0x0000000082e00000, 0x0000000082e00000, 0x0000000082f00000|  0%| F|  |TAMS 0x0000000082e00000, 0x0000000082e00000| Untracked 
|  47|0x0000000082f00000, 0x0000000082f00000, 0x0000000083000000|  0%| F|  |TAMS 0x0000000082f00000, 0x0000000082f00000| Untracked 
|  48|0x0000000083000000, 0x0000000083000000, 0x0000000083100000|  0%| F|  |TAMS 0x0000000083000000, 0x0000000083000000| Untracked 
|  49|0x0000000083100000, 0x0000000083100000, 0x0000000083200000|  0%| F|  |TAMS 0x0000000083100000, 0x0000000083100000| Untracked 
|  50|0x0000000083200000, 0x0000000083200000, 0x0000000083300000|  0%| F|  |TAMS 0x0000000083200000, 0x0000000083200000| Untracked 
|  51|0x0000000083300000, 0x0000000083300000, 0x0000000083400000|  0%| F|  |TAMS 0x0000000083300000, 0x0000000083300000| Untracked 
|  52|0x0000000083400000, 0x0000000083400000, 0x0000000083500000|  0%| F|  |TAMS 0x0000000083400000, 0x0000000083400000| Untracked 
|  53|0x0000000083500000, 0x0000000083500000, 0x0000000083600000|  0%| F|  |TAMS 0x0000000083500000, 0x0000000083500000| Untracked 
|  54|0x0000000083600000, 0x0000000083600000, 0x0000000083700000|  0%| F|  |TAMS 0x0000000083600000, 0x0000000083600000| Untracked 
|  55|0x0000000083700000, 0x0000000083700000, 0x0000000083800000|  0%| F|  |TAMS 0x0000000083700000, 0x0000000083700000| Untracked 
|  56|0x0000000083800000, 0x0000000083800000, 0x0000000083900000|  0%| F|  |TAMS 0x0000000083800000, 0x0000000083800000| Untracked 
|  57|0x0000000083900000, 0x0000000083900000, 0x0000000083a00000|  0%| F|  |TAMS 0x0000000083900000, 0x0000000083900000| Untracked 
|  58|0x0000000083a00000, 0x0000000083a00000, 0x0000000083b00000|  0%| F|  |TAMS 0x0000000083a00000, 0x0000000083a00000| Untracked 
|  59|0x0000000083b00000, 0x0000000083b00000, 0x0000000083c00000|  0%| F|  |TAMS 0x0000000083b00000, 0x0000000083b00000| Untracked 
|  60|0x0000000083c00000, 0x0000000083c00000, 0x0000000083d00000|  0%| F|  |TAMS 0x0000000083c00000, 0x0000000083c00000| Untracked 
|  61|0x0000000083d00000, 0x0000000083d00000, 0x0000000083e00000|  0%| F|  |TAMS 0x0000000083d00000, 0x0000000083d00000| Untracked 
|  62|0x0000000083e00000, 0x0000000083e00000, 0x0000000083f00000|  0%| F|  |TAMS 0x0000000083e00000, 0x0000000083e00000| Untracked 
|  63|0x0000000083f00000, 0x0000000083f00000, 0x0000000084000000|  0%| F|  |TAMS 0x0000000083f00000, 0x0000000083f00000| Untracked 
|  64|0x0000000084000000, 0x0000000084000000, 0x0000000084100000|  0%| F|  |TAMS 0x0000000084000000, 0x0000000084000000| Untracked 
|  65|0x0000000084100000, 0x0000000084100000, 0x0000000084200000|  0%| F|  |TAMS 0x0000000084100000, 0x0000000084100000| Untracked 
|  66|0x0000000084200000, 0x0000000084200000, 0x0000000084300000|  0%| F|  |TAMS 0x0000000084200000, 0x0000000084200000| Untracked 
|  67|0x0000000084300000, 0x0000000084300000, 0x0000000084400000|  0%| F|  |TAMS 0x0000000084300000, 0x0000000084300000| Untracked 
|  68|0x0000000084400000, 0x0000000084400000, 0x0000000084500000|  0%| F|  |TAMS 0x0000000084400000, 0x0000000084400000| Untracked 
|  69|0x0000000084500000, 0x0000000084500000, 0x0000000084600000|  0%| F|  |TAMS 0x0000000084500000, 0x0000000084500000| Untracked 
|  70|0x0000000084600000, 0x0000000084600000, 0x0000000084700000|  0%| F|  |TAMS 0x0000000084600000, 0x0000000084600000| Untracked 
|  71|0x0000000084700000, 0x0000000084700000, 0x0000000084800000|  0%| F|  |TAMS 0x0000000084700000, 0x0000000084700000| Untracked 
|  72|0x0000000084800000, 0x0000000084800000, 0x0000000084900000|  0%| F|  |TAMS 0x0000000084800000, 0x0000000084800000| Untracked 
|  73|0x0000000084900000, 0x0000000084900000, 0x0000000084a00000|  0%| F|  |TAMS 0x0000000084900000, 0x0000000084900000| Untracked 
|  74|0x0000000084a00000, 0x0000000084a00000, 0x0000000084b00000|  0%| F|  |TAMS 0x0000000084a00000, 0x0000000084a00000| Untracked 
|  75|0x0000000084b00000, 0x0000000084b00000, 0x0000000084c00000|  0%| F|  |TAMS 0x0000000084b00000, 0x0000000084b00000| Untracked 
|  76|0x0000000084c00000, 0x0000000084c00000, 0x0000000084d00000|  0%| F|  |TAMS 0x0000000084c00000, 0x0000000084c00000| Untracked 
|  77|0x0000000084d00000, 0x0000000084d00000, 0x0000000084e00000|  0%| F|  |TAMS 0x0000000084d00000, 0x0000000084d00000| Untracked 
|  78|0x0000000084e00000, 0x0000000084e00000, 0x0000000084f00000|  0%| F|  |TAMS 0x0000000084e00000, 0x0000000084e00000| Untracked 
|  79|0x0000000084f00000, 0x0000000084f00000, 0x0000000085000000|  0%| F|  |TAMS 0x0000000084f00000, 0x0000000084f00000| Untracked 
|  80|0x0000000085000000, 0x0000000085000000, 0x0000000085100000|  0%| F|  |TAMS 0x0000000085000000, 0x0000000085000000| Untracked 
|  81|0x0000000085100000, 0x0000000085100000, 0x0000000085200000|  0%| F|  |TAMS 0x0000000085100000, 0x0000000085100000| Untracked 
|  82|0x0000000085200000, 0x0000000085200000, 0x0000000085300000|  0%| F|  |TAMS 0x0000000085200000, 0x0000000085200000| Untracked 
|  83|0x0000000085300000, 0x0000000085300000, 0x0000000085400000|  0%| F|  |TAMS 0x0000000085300000, 0x0000000085300000| Untracked 
|  84|0x0000000085400000, 0x0000000085400000, 0x0000000085500000|  0%| F|  |TAMS 0x0000000085400000, 0x0000000085400000| Untracked 
|  85|0x0000000085500000, 0x0000000085500000, 0x0000000085600000|  0%| F|  |TAMS 0x0000000085500000, 0x0000000085500000| Untracked 
|  86|0x0000000085600000, 0x0000000085600000, 0x0000000085700000|  0%| F|  |TAMS 0x0000000085600000, 0x0000000085600000| Untracked 
|  87|0x0000000085700000, 0x0000000085700000, 0x0000000085800000|  0%| F|  |TAMS 0x0000000085700000, 0x0000000085700000| Untracked 
|  88|0x0000000085800000, 0x0000000085800000, 0x0000000085900000|  0%| F|  |TAMS 0x0000000085800000, 0x0000000085800000| Untracked 
|  89|0x0000000085900000, 0x0000000085900000, 0x0000000085a00000|  0%| F|  |TAMS 0x0000000085900000, 0x0000000085900000| Untracked 
|  90|0x0000000085a00000, 0x0000000085a00000, 0x0000000085b00000|  0%| F|  |TAMS 0x0000000085a00000, 0x0000000085a00000| Untracked 
|  91|0x0000000085b00000, 0x0000000085b00000, 0x0000000085c00000|  0%| F|  |TAMS 0x0000000085b00000, 0x0000000085b00000| Untracked 
|  92|0x0000000085c00000, 0x0000000085c00000, 0x0000000085d00000|  0%| F|  |TAMS 0x0000000085c00000, 0x0000000085c00000| Untracked 
|  93|0x0000000085d00000, 0x0000000085d00000, 0x0000000085e00000|  0%| F|  |TAMS 0x0000000085d00000, 0x0000000085d00000| Untracked 
|  94|0x0000000085e00000, 0x0000000085e00000, 0x0000000085f00000|  0%| F|  |TAMS 0x0000000085e00000, 0x0000000085e00000| Untracked 
|  95|0x0000000085f00000, 0x0000000085f00000, 0x0000000086000000|  0%| F|  |TAMS 0x0000000085f00000, 0x0000000085f00000| Untracked 
|  96|0x0000000086000000, 0x0000000086000000, 0x0000000086100000|  0%| F|  |TAMS 0x0000000086000000, 0x0000000086000000| Untracked 
|  97|0x0000000086100000, 0x0000000086100000, 0x0000000086200000|  0%| F|  |TAMS 0x0000000086100000, 0x0000000086100000| Untracked 
|  98|0x0000000086200000, 0x0000000086200000, 0x0000000086300000|  0%| F|  |TAMS 0x0000000086200000, 0x0000000086200000| Untracked 
|  99|0x0000000086300000, 0x0000000086300000, 0x0000000086400000|  0%| F|  |TAMS 0x0000000086300000, 0x0000000086300000| Untracked 
| 100|0x0000000086400000, 0x0000000086400000, 0x0000000086500000|  0%| F|  |TAMS 0x0000000086400000, 0x0000000086400000| Untracked 
| 101|0x0000000086500000, 0x0000000086500000, 0x0000000086600000|  0%| F|  |TAMS 0x0000000086500000, 0x0000000086500000| Untracked 
| 102|0x0000000086600000, 0x0000000086600000, 0x0000000086700000|  0%| F|  |TAMS 0x0000000086600000, 0x0000000086600000| Untracked 
| 103|0x0000000086700000, 0x0000000086700000, 0x0000000086800000|  0%| F|  |TAMS 0x0000000086700000, 0x0000000086700000| Untracked 
| 104|0x0000000086800000, 0x0000000086800000, 0x0000000086900000|  0%| F|  |TAMS 0x0000000086800000, 0x0000000086800000| Untracked 
| 105|0x0000000086900000, 0x0000000086900000, 0x0000000086a00000|  0%| F|  |TAMS 0x0000000086900000, 0x0000000086900000| Untracked 
| 106|0x0000000086a00000, 0x0000000086a00000, 0x0000000086b00000|  0%| F|  |TAMS 0x0000000086a00000, 0x0000000086a00000| Untracked 
| 107|0x0000000086b00000, 0x0000000086b00000, 0x0000000086c00000|  0%| F|  |TAMS 0x0000000086b00000, 0x0000000086b00000| Untracked 
| 108|0x0000000086c00000, 0x0000000086c00000, 0x0000000086d00000|  0%| F|  |TAMS 0x0000000086c00000, 0x0000000086c00000| Untracked 
| 109|0x0000000086d00000, 0x0000000086d00000, 0x0000000086e00000|  0%| F|  |TAMS 0x0000000086d00000, 0x0000000086d00000| Untracked 
| 110|0x0000000086e00000, 0x0000000086e00000, 0x0000000086f00000|  0%| F|  |TAMS 0x0000000086e00000, 0x0000000086e00000| Untracked 
| 111|0x0000000086f00000, 0x0000000086f00000, 0x0000000087000000|  0%| F|  |TAMS 0x0000000086f00000, 0x0000000086f00000| Untracked 
| 112|0x0000000087000000, 0x0000000087000000, 0x0000000087100000|  0%| F|  |TAMS 0x0000000087000000, 0x0000000087000000| Untracked 
| 113|0x0000000087100000, 0x0000000087100000, 0x0000000087200000|  0%| F|  |TAMS 0x0000000087100000, 0x0000000087100000| Untracked 
| 114|0x0000000087200000, 0x0000000087200000, 0x0000000087300000|  0%| F|  |TAMS 0x0000000087200000, 0x0000000087200000| Untracked 
| 115|0x0000000087300000, 0x0000000087300000, 0x0000000087400000|  0%| F|  |TAMS 0x0000000087300000, 0x0000000087300000| Untracked 
| 116|0x0000000087400000, 0x0000000087400000, 0x0000000087500000|  0%| F|  |TAMS 0x0000000087400000, 0x0000000087400000| Untracked 
| 117|0x0000000087500000, 0x0000000087500000, 0x0000000087600000|  0%| F|  |TAMS 0x0000000087500000, 0x0000000087500000| Untracked 
| 118|0x0000000087600000, 0x0000000087600000, 0x0000000087700000|  0%| F|  |TAMS 0x0000000087600000, 0x0000000087600000| Untracked 
| 119|0x0000000087700000, 0x0000000087700000, 0x0000000087800000|  0%| F|  |TAMS 0x0000000087700000, 0x0000000087700000| Untracked 
| 120|0x0000000087800000, 0x0000000087800000, 0x0000000087900000|  0%| F|  |TAMS 0x0000000087800000, 0x0000000087800000| Untracked 
| 121|0x0000000087900000, 0x0000000087900000, 0x0000000087a00000|  0%| F|  |TAMS 0x0000000087900000, 0x0000000087900000| Untracked 
| 122|0x0000000087a00000, 0x0000000087a00000, 0x0000000087b00000|  0%| F|  |TAMS 0x0000000087a00000, 0x0000000087a00000| Untracked 
| 123|0x0000000087b00000, 0x0000000087b00000, 0x0000000087c00000|  0%| F|  |TAMS 0x0000000087b00000, 0x0000000087b00000| Untracked 
| 124|0x0000000087c00000, 0x0000000087c00000, 0x0000000087d00000|  0%| F|  |TAMS 0x0000000087c00000, 0x0000000087c00000| Untracked 
| 125|0x0000000087d00000, 0x0000000087d00000, 0x0000000087e00000|  0%| F|  |TAMS 0x0000000087d00000, 0x0000000087d00000| Untracked 
| 126|0x0000000087e00000, 0x0000000087e00000, 0x0000000087f00000|  0%| F|  |TAMS 0x0000000087e00000, 0x0000000087e00000| Untracked 
| 127|0x0000000087f00000, 0x0000000087f00000, 0x0000000088000000|  0%| F|  |TAMS 0x0000000087f00000, 0x0000000087f00000| Untracked 
| 128|0x0000000088000000, 0x0000000088000000, 0x0000000088100000|  0%| F|  |TAMS 0x0000000088000000, 0x0000000088000000| Untracked 
| 129|0x0000000088100000, 0x0000000088100000, 0x0000000088200000|  0%| F|  |TAMS 0x0000000088100000, 0x0000000088100000| Untracked 
| 130|0x0000000088200000, 0x0000000088200000, 0x0000000088300000|  0%| F|  |TAMS 0x0000000088200000, 0x0000000088200000| Untracked 
| 131|0x0000000088300000, 0x0000000088300000, 0x0000000088400000|  0%| F|  |TAMS 0x0000000088300000, 0x0000000088300000| Untracked 
| 132|0x0000000088400000, 0x0000000088400000, 0x0000000088500000|  0%| F|  |TAMS 0x0000000088400000, 0x0000000088400000| Untracked 
| 133|0x0000000088500000, 0x0000000088500000, 0x0000000088600000|  0%| F|  |TAMS 0x0000000088500000, 0x0000000088500000| Untracked 
| 134|0x0000000088600000, 0x0000000088600000, 0x0000000088700000|  0%| F|  |TAMS 0x0000000088600000, 0x0000000088600000| Untracked 
| 135|0x0000000088700000, 0x0000000088700000, 0x0000000088800000|  0%| F|  |TAMS 0x0000000088700000, 0x0000000088700000| Untracked 
| 136|0x0000000088800000, 0x0000000088800000, 0x0000000088900000|  0%| F|  |TAMS 0x0000000088800000, 0x0000000088800000| Untracked 
| 137|0x0000000088900000, 0x0000000088900000, 0x0000000088a00000|  0%| F|  |TAMS 0x0000000088900000, 0x0000000088900000| Untracked 
| 138|0x0000000088a00000, 0x0000000088a00000, 0x0000000088b00000|  0%| F|  |TAMS 0x0000000088a00000, 0x0000000088a00000| Untracked 
| 139|0x0000000088b00000, 0x0000000088b00000, 0x0000000088c00000|  0%| F|  |TAMS 0x0000000088b00000, 0x0000000088b00000| Untracked 
| 140|0x0000000088c00000, 0x0000000088c00000, 0x0000000088d00000|  0%| F|  |TAMS 0x0000000088c00000, 0x0000000088c00000| Untracked 
| 141|0x0000000088d00000, 0x0000000088d00000, 0x0000000088e00000|  0%| F|  |TAMS 0x0000000088d00000, 0x0000000088d00000| Untracked 
| 142|0x0000000088e00000, 0x0000000088e00000, 0x0000000088f00000|  0%| F|  |TAMS 0x0000000088e00000, 0x0000000088e00000| Untracked 
| 143|0x0000000088f00000, 0x0000000088f00000, 0x0000000089000000|  0%| F|  |TAMS 0x0000000088f00000, 0x0000000088f00000| Untracked 
| 144|0x0000000089000000, 0x0000000089000000, 0x0000000089100000|  0%| F|  |TAMS 0x0000000089000000, 0x0000000089000000| Untracked 
| 145|0x0000000089100000, 0x0000000089100000, 0x0000000089200000|  0%| F|  |TAMS 0x0000000089100000, 0x0000000089100000| Untracked 
| 146|0x0000000089200000, 0x0000000089200000, 0x0000000089300000|  0%| F|  |TAMS 0x0000000089200000, 0x0000000089200000| Untracked 
| 147|0x0000000089300000, 0x0000000089300000, 0x0000000089400000|  0%| F|  |TAMS 0x0000000089300000, 0x0000000089300000| Untracked 
| 148|0x0000000089400000, 0x0000000089400000, 0x0000000089500000|  0%| F|  |TAMS 0x0000000089400000, 0x0000000089400000| Untracked 
| 149|0x0000000089500000, 0x0000000089500000, 0x0000000089600000|  0%| F|  |TAMS 0x0000000089500000, 0x0000000089500000| Untracked 
| 150|0x0000000089600000, 0x0000000089600000, 0x0000000089700000|  0%| F|  |TAMS 0x0000000089600000, 0x0000000089600000| Untracked 
| 151|0x0000000089700000, 0x0000000089700000, 0x0000000089800000|  0%| F|  |TAMS 0x0000000089700000, 0x0000000089700000| Untracked 
| 152|0x0000000089800000, 0x0000000089800000, 0x0000000089900000|  0%| F|  |TAMS 0x0000000089800000, 0x0000000089800000| Untracked 
| 153|0x0000000089900000, 0x0000000089900000, 0x0000000089a00000|  0%| F|  |TAMS 0x0000000089900000, 0x0000000089900000| Untracked 
| 154|0x0000000089a00000, 0x0000000089a00000, 0x0000000089b00000|  0%| F|  |TAMS 0x0000000089a00000, 0x0000000089a00000| Untracked 
| 155|0x0000000089b00000, 0x0000000089b00000, 0x0000000089c00000|  0%| F|  |TAMS 0x0000000089b00000, 0x0000000089b00000| Untracked 
| 156|0x0000000089c00000, 0x0000000089c00000, 0x0000000089d00000|  0%| F|  |TAMS 0x0000000089c00000, 0x0000000089c00000| Untracked 
| 157|0x0000000089d00000, 0x0000000089d00000, 0x0000000089e00000|  0%| F|  |TAMS 0x0000000089d00000, 0x0000000089d00000| Untracked 
| 158|0x0000000089e00000, 0x0000000089e00000, 0x0000000089f00000|  0%| F|  |TAMS 0x0000000089e00000, 0x0000000089e00000| Untracked 
| 159|0x0000000089f00000, 0x0000000089f00000, 0x000000008a000000|  0%| F|  |TAMS 0x0000000089f00000, 0x0000000089f00000| Untracked 
| 160|0x000000008a000000, 0x000000008a000000, 0x000000008a100000|  0%| F|  |TAMS 0x000000008a000000, 0x000000008a000000| Untracked 
| 161|0x000000008a100000, 0x000000008a100000, 0x000000008a200000|  0%| F|  |TAMS 0x000000008a100000, 0x000000008a100000| Untracked 
| 162|0x000000008a200000, 0x000000008a200000, 0x000000008a300000|  0%| F|  |TAMS 0x000000008a200000, 0x000000008a200000| Untracked 
| 163|0x000000008a300000, 0x000000008a300000, 0x000000008a400000|  0%| F|  |TAMS 0x000000008a300000, 0x000000008a300000| Untracked 
| 164|0x000000008a400000, 0x000000008a400000, 0x000000008a500000|  0%| F|  |TAMS 0x000000008a400000, 0x000000008a400000| Untracked 
| 165|0x000000008a500000, 0x000000008a500000, 0x000000008a600000|  0%| F|  |TAMS 0x000000008a500000, 0x000000008a500000| Untracked 
| 166|0x000000008a600000, 0x000000008a600000, 0x000000008a700000|  0%| F|  |TAMS 0x000000008a600000, 0x000000008a600000| Untracked 
| 167|0x000000008a700000, 0x000000008a700000, 0x000000008a800000|  0%| F|  |TAMS 0x000000008a700000, 0x000000008a700000| Untracked 
| 168|0x000000008a800000, 0x000000008a800000, 0x000000008a900000|  0%| F|  |TAMS 0x000000008a800000, 0x000000008a800000| Untracked 
| 169|0x000000008a900000, 0x000000008a900000, 0x000000008aa00000|  0%| F|  |TAMS 0x000000008a900000, 0x000000008a900000| Untracked 
| 170|0x000000008aa00000, 0x000000008aa00000, 0x000000008ab00000|  0%| F|  |TAMS 0x000000008aa00000, 0x000000008aa00000| Untracked 
| 171|0x000000008ab00000, 0x000000008ab00000, 0x000000008ac00000|  0%| F|  |TAMS 0x000000008ab00000, 0x000000008ab00000| Untracked 
| 172|0x000000008ac00000, 0x000000008ac00000, 0x000000008ad00000|  0%| F|  |TAMS 0x000000008ac00000, 0x000000008ac00000| Untracked 
| 173|0x000000008ad00000, 0x000000008ad00000, 0x000000008ae00000|  0%| F|  |TAMS 0x000000008ad00000, 0x000000008ad00000| Untracked 
| 174|0x000000008ae00000, 0x000000008ae00000, 0x000000008af00000|  0%| F|  |TAMS 0x000000008ae00000, 0x000000008ae00000| Untracked 
| 175|0x000000008af00000, 0x000000008af00000, 0x000000008b000000|  0%| F|  |TAMS 0x000000008af00000, 0x000000008af00000| Untracked 
| 176|0x000000008b000000, 0x000000008b000000, 0x000000008b100000|  0%| F|  |TAMS 0x000000008b000000, 0x000000008b000000| Untracked 
| 177|0x000000008b100000, 0x000000008b100000, 0x000000008b200000|  0%| F|  |TAMS 0x000000008b100000, 0x000000008b100000| Untracked 
| 178|0x000000008b200000, 0x000000008b200000, 0x000000008b300000|  0%| F|  |TAMS 0x000000008b200000, 0x000000008b200000| Untracked 
| 179|0x000000008b300000, 0x000000008b300000, 0x000000008b400000|  0%| F|  |TAMS 0x000000008b300000, 0x000000008b300000| Untracked 
| 180|0x000000008b400000, 0x000000008b400000, 0x000000008b500000|  0%| F|  |TAMS 0x000000008b400000, 0x000000008b400000| Untracked 
| 181|0x000000008b500000, 0x000000008b500000, 0x000000008b600000|  0%| F|  |TAMS 0x000000008b500000, 0x000000008b500000| Untracked 
| 182|0x000000008b600000, 0x000000008b600000, 0x000000008b700000|  0%| F|  |TAMS 0x000000008b600000, 0x000000008b600000| Untracked 
| 183|0x000000008b700000, 0x000000008b700000, 0x000000008b800000|  0%| F|  |TAMS 0x000000008b700000, 0x000000008b700000| Untracked 
| 184|0x000000008b800000, 0x000000008b800000, 0x000000008b900000|  0%| F|  |TAMS 0x000000008b800000, 0x000000008b800000| Untracked 
| 185|0x000000008b900000, 0x000000008b900000, 0x000000008ba00000|  0%| F|  |TAMS 0x000000008b900000, 0x000000008b900000| Untracked 
| 186|0x000000008ba00000, 0x000000008ba00000, 0x000000008bb00000|  0%| F|  |TAMS 0x000000008ba00000, 0x000000008ba00000| Untracked 
| 187|0x000000008bb00000, 0x000000008bb00000, 0x000000008bc00000|  0%| F|  |TAMS 0x000000008bb00000, 0x000000008bb00000| Untracked 
| 188|0x000000008bc00000, 0x000000008bc00000, 0x000000008bd00000|  0%| F|  |TAMS 0x000000008bc00000, 0x000000008bc00000| Untracked 
| 189|0x000000008bd00000, 0x000000008bd00000, 0x000000008be00000|  0%| F|  |TAMS 0x000000008bd00000, 0x000000008bd00000| Untracked 
| 190|0x000000008be00000, 0x000000008be00000, 0x000000008bf00000|  0%| F|  |TAMS 0x000000008be00000, 0x000000008be00000| Untracked 
| 191|0x000000008bf00000, 0x000000008bf00000, 0x000000008c000000|  0%| F|  |TAMS 0x000000008bf00000, 0x000000008bf00000| Untracked 
| 192|0x000000008c000000, 0x000000008c000000, 0x000000008c100000|  0%| F|  |TAMS 0x000000008c000000, 0x000000008c000000| Untracked 
| 193|0x000000008c100000, 0x000000008c100000, 0x000000008c200000|  0%| F|  |TAMS 0x000000008c100000, 0x000000008c100000| Untracked 
| 194|0x000000008c200000, 0x000000008c200000, 0x000000008c300000|  0%| F|  |TAMS 0x000000008c200000, 0x000000008c200000| Untracked 
| 195|0x000000008c300000, 0x000000008c300000, 0x000000008c400000|  0%| F|  |TAMS 0x000000008c300000, 0x000000008c300000| Untracked 
| 196|0x000000008c400000, 0x000000008c400000, 0x000000008c500000|  0%| F|  |TAMS 0x000000008c400000, 0x000000008c400000| Untracked 
| 197|0x000000008c500000, 0x000000008c500000, 0x000000008c600000|  0%| F|  |TAMS 0x000000008c500000, 0x000000008c500000| Untracked 
| 198|0x000000008c600000, 0x000000008c600000, 0x000000008c700000|  0%| F|  |TAMS 0x000000008c600000, 0x000000008c600000| Untracked 
| 199|0x000000008c700000, 0x000000008c700000, 0x000000008c800000|  0%| F|  |TAMS 0x000000008c700000, 0x000000008c700000| Untracked 
| 200|0x000000008c800000, 0x000000008c800000, 0x000000008c900000|  0%| F|  |TAMS 0x000000008c800000, 0x000000008c800000| Untracked 
| 201|0x000000008c900000, 0x000000008c900000, 0x000000008ca00000|  0%| F|  |TAMS 0x000000008c900000, 0x000000008c900000| Untracked 
| 202|0x000000008ca00000, 0x000000008ca00000, 0x000000008cb00000|  0%| F|  |TAMS 0x000000008ca00000, 0x000000008ca00000| Untracked 
| 203|0x000000008cb00000, 0x000000008cbe9260, 0x000000008cc00000| 91%| S|CS|TAMS 0x000000008cb00000, 0x000000008cb00000| Complete 
| 204|0x000000008cc00000, 0x000000008cd00000, 0x000000008cd00000|100%| S|CS|TAMS 0x000000008cc00000, 0x000000008cc00000| Complete 
| 205|0x000000008cd00000, 0x000000008cd00000, 0x000000008ce00000|  0%| F|  |TAMS 0x000000008cd00000, 0x000000008cd00000| Untracked 
| 206|0x000000008ce00000, 0x000000008cf00000, 0x000000008cf00000|100%| E|  |TAMS 0x000000008ce00000, 0x000000008ce00000| Complete 
| 207|0x000000008cf00000, 0x000000008d000000, 0x000000008d000000|100%| E|CS|TAMS 0x000000008cf00000, 0x000000008cf00000| Complete 
| 208|0x000000008d000000, 0x000000008d100000, 0x000000008d100000|100%| E|CS|TAMS 0x000000008d000000, 0x000000008d000000| Complete 
| 209|0x000000008d100000, 0x000000008d200000, 0x000000008d200000|100%| E|CS|TAMS 0x000000008d100000, 0x000000008d100000| Complete 
| 210|0x000000008d200000, 0x000000008d300000, 0x000000008d300000|100%| E|CS|TAMS 0x000000008d200000, 0x000000008d200000| Complete 
| 211|0x000000008d300000, 0x000000008d400000, 0x000000008d400000|100%| E|CS|TAMS 0x000000008d300000, 0x000000008d300000| Complete 
| 212|0x000000008d400000, 0x000000008d500000, 0x000000008d500000|100%| E|CS|TAMS 0x000000008d400000, 0x000000008d400000| Complete 
| 213|0x000000008d500000, 0x000000008d600000, 0x000000008d600000|100%| E|CS|TAMS 0x000000008d500000, 0x000000008d500000| Complete 
| 214|0x000000008d600000, 0x000000008d700000, 0x000000008d700000|100%| E|CS|TAMS 0x000000008d600000, 0x000000008d600000| Complete 
| 215|0x000000008d700000, 0x000000008d800000, 0x000000008d800000|100%| E|CS|TAMS 0x000000008d700000, 0x000000008d700000| Complete 
| 216|0x000000008d800000, 0x000000008d900000, 0x000000008d900000|100%| E|CS|TAMS 0x000000008d800000, 0x000000008d800000| Complete 
| 217|0x000000008d900000, 0x000000008da00000, 0x000000008da00000|100%| E|CS|TAMS 0x000000008d900000, 0x000000008d900000| Complete 
| 218|0x000000008da00000, 0x000000008db00000, 0x000000008db00000|100%| E|CS|TAMS 0x000000008da00000, 0x000000008da00000| Complete 
| 219|0x000000008db00000, 0x000000008dc00000, 0x000000008dc00000|100%| E|CS|TAMS 0x000000008db00000, 0x000000008db00000| Complete 
| 220|0x000000008dc00000, 0x000000008dd00000, 0x000000008dd00000|100%| E|CS|TAMS 0x000000008dc00000, 0x000000008dc00000| Complete 
| 221|0x000000008dd00000, 0x000000008de00000, 0x000000008de00000|100%| E|CS|TAMS 0x000000008dd00000, 0x000000008dd00000| Complete 
| 222|0x000000008de00000, 0x000000008df00000, 0x000000008df00000|100%| E|CS|TAMS 0x000000008de00000, 0x000000008de00000| Complete 
| 223|0x000000008df00000, 0x000000008e000000, 0x000000008e000000|100%| E|CS|TAMS 0x000000008df00000, 0x000000008df00000| Complete 
| 224|0x000000008e000000, 0x000000008e100000, 0x000000008e100000|100%| E|CS|TAMS 0x000000008e000000, 0x000000008e000000| Complete 
| 225|0x000000008e100000, 0x000000008e200000, 0x000000008e200000|100%| E|CS|TAMS 0x000000008e100000, 0x000000008e100000| Complete 
| 226|0x000000008e200000, 0x000000008e300000, 0x000000008e300000|100%| E|CS|TAMS 0x000000008e200000, 0x000000008e200000| Complete 
| 227|0x000000008e300000, 0x000000008e400000, 0x000000008e400000|100%| E|CS|TAMS 0x000000008e300000, 0x000000008e300000| Complete 
| 228|0x000000008e400000, 0x000000008e500000, 0x000000008e500000|100%| E|CS|TAMS 0x000000008e400000, 0x000000008e400000| Complete 
| 229|0x000000008e500000, 0x000000008e600000, 0x000000008e600000|100%| E|CS|TAMS 0x000000008e500000, 0x000000008e500000| Complete 
| 230|0x000000008e600000, 0x000000008e700000, 0x000000008e700000|100%| E|CS|TAMS 0x000000008e600000, 0x000000008e600000| Complete 
| 231|0x000000008e700000, 0x000000008e800000, 0x000000008e800000|100%| E|CS|TAMS 0x000000008e700000, 0x000000008e700000| Complete 
| 232|0x000000008e800000, 0x000000008e900000, 0x000000008e900000|100%| E|CS|TAMS 0x000000008e800000, 0x000000008e800000| Complete 
| 233|0x000000008e900000, 0x000000008ea00000, 0x000000008ea00000|100%| E|CS|TAMS 0x000000008e900000, 0x000000008e900000| Complete 
| 234|0x000000008ea00000, 0x000000008eb00000, 0x000000008eb00000|100%| E|CS|TAMS 0x000000008ea00000, 0x000000008ea00000| Complete 
| 235|0x000000008eb00000, 0x000000008ec00000, 0x000000008ec00000|100%| E|CS|TAMS 0x000000008eb00000, 0x000000008eb00000| Complete 
| 236|0x000000008ec00000, 0x000000008ed00000, 0x000000008ed00000|100%| E|CS|TAMS 0x000000008ec00000, 0x000000008ec00000| Complete 
| 237|0x000000008ed00000, 0x000000008ee00000, 0x000000008ee00000|100%| E|CS|TAMS 0x000000008ed00000, 0x000000008ed00000| Complete 
| 238|0x000000008ee00000, 0x000000008ef00000, 0x000000008ef00000|100%| E|CS|TAMS 0x000000008ee00000, 0x000000008ee00000| Complete 
| 239|0x000000008ef00000, 0x000000008f000000, 0x000000008f000000|100%| E|CS|TAMS 0x000000008ef00000, 0x000000008ef00000| Complete 
| 240|0x000000008f000000, 0x000000008f100000, 0x000000008f100000|100%| E|CS|TAMS 0x000000008f000000, 0x000000008f000000| Complete 
| 241|0x000000008f100000, 0x000000008f200000, 0x000000008f200000|100%| E|CS|TAMS 0x000000008f100000, 0x000000008f100000| Complete 
| 242|0x000000008f200000, 0x000000008f300000, 0x000000008f300000|100%| E|CS|TAMS 0x000000008f200000, 0x000000008f200000| Complete 
| 243|0x000000008f300000, 0x000000008f400000, 0x000000008f400000|100%| E|CS|TAMS 0x000000008f300000, 0x000000008f300000| Complete 
| 244|0x000000008f400000, 0x000000008f500000, 0x000000008f500000|100%| E|CS|TAMS 0x000000008f400000, 0x000000008f400000| Complete 
| 245|0x000000008f500000, 0x000000008f600000, 0x000000008f600000|100%| E|CS|TAMS 0x000000008f500000, 0x000000008f500000| Complete 

Card table byte_map: [0x000001be9eeb0000,0x000001be9f2b0000] _byte_map_base: 0x000001be9eab0000

Marking Bits (Prev, Next): (CMBitMap*) 0x000001be8bac56e0, (CMBitMap*) 0x000001be8bac56a8
 Prev Bits: [0x000001bea16b0000, 0x000001bea36b0000)
 Next Bits: [0x000001be9f6b0000, 0x000001bea16b0000)

Polling page: 0x000001be897b0000

Metaspace:

Usage:
  Non-class:     24.44 MB capacity,    23.99 MB ( 98%) used,   402.02 KB (  2%) free+waste,    57.06 KB ( <1%) overhead. 
      Class:      3.94 MB capacity,     3.69 MB ( 94%) used,   221.50 KB (  5%) free+waste,    28.94 KB ( <1%) overhead. 
       Both:     28.37 MB capacity,    27.68 MB ( 98%) used,   623.52 KB (  2%) free+waste,    86.00 KB ( <1%) overhead. 

Virtual space:
  Non-class space:       26.00 MB reserved,      24.50 MB ( 94%) committed 
      Class space:        1.00 GB reserved,       4.00 MB ( <1%) committed 
             Both:        1.03 GB reserved,      28.50 MB (  3%) committed 

Chunk freelists:
   Non-Class:  0 bytes
       Class:  2.00 KB
        Both:  2.00 KB

MaxMetaspaceSize: 17179869184.00 GB
CompressedClassSpaceSize: 1.00 GB

CodeHeap 'non-profiled nmethods': size=120000Kb used=1231Kb max_used=1231Kb free=118768Kb
 bounds [0x000001be97030000, 0x000001be972a0000, 0x000001be9e560000]
CodeHeap 'profiled nmethods': size=120000Kb used=5167Kb max_used=5167Kb free=114832Kb
 bounds [0x000001be8fb00000, 0x000001be90010000, 0x000001be97030000]
CodeHeap 'non-nmethods': size=5760Kb used=1161Kb max_used=1191Kb free=4598Kb
 bounds [0x000001be8f560000, 0x000001be8f7d0000, 0x000001be8fb00000]
 total_blobs=2905 nmethods=2401 adapters=415
 compilation: enabled
              stopped_count=0, restarted_count=0
 full_count=0

Compilation events (20 events):
Event: 21.929 Thread 0x000001bea6c10000 2352       3       java.lang.Class::copyMethods (36 bytes)
Event: 21.929 Thread 0x000001bea6c10000 nmethod 2352 0x000001be8ffe4990 code [0x000001be8ffe4be0, 0x000001be8ffe55b8]
Event: 21.929 Thread 0x000001bea8cbd000 2353       4       java.lang.ref.SoftReference::get (29 bytes)
Event: 21.930 Thread 0x000001bea6c10000 2354       3       org.gradle.internal.instantiation.generator.AbstractClassGenerator$ClassGenerationHandler::visitProperty (1 bytes)
Event: 21.930 Thread 0x000001bea6c10000 nmethod 2354 0x000001be8ffe5910 code [0x000001be8ffe5ac0, 0x000001be8ffe5bb8]
Event: 21.930 Thread 0x000001bea6c10000 2355       3       org.gradle.internal.instantiation.generator.AbstractClassGenerator$PropertyMetadata::isReadOnly (25 bytes)
Event: 21.930 Thread 0x000001bea6c10000 nmethod 2355 0x000001be8ffe5c90 code [0x000001be8ffe5e60, 0x000001be8ffe60c8]
Event: 21.930 Thread 0x000001bea6c10000 2357       3       org.objectweb.asm.Type::getReturnTypeOffset (64 bytes)
Event: 21.930 Thread 0x000001bea8cbd000 nmethod 2353 0x000001be97162610 code [0x000001be971627a0, 0x000001be97162878]
Event: 21.931 Thread 0x000001bea6c10000 nmethod 2357 0x000001be8ffe6190 code [0x000001be8ffe64c0, 0x000001be8ffe7898]
Event: 21.931 Thread 0x000001bea6c10000 2358       3       org.objectweb.asm.SymbolTable::addConstantNameAndType (137 bytes)
Event: 21.931 Thread 0x000001bea6c10000 nmethod 2358 0x000001be8ffe8010 code [0x000001be8ffe8280, 0x000001be8ffe8a28]
Event: 21.931 Thread 0x000001bea6c10000 2359       3       org.objectweb.asm.SymbolTable::hash (15 bytes)
Event: 21.932 Thread 0x000001bea6c10000 nmethod 2359 0x000001be8ffe8e90 code [0x000001be8ffe9060, 0x000001be8ffe91d8]
Event: 21.932 Thread 0x000001bea6c10000 2360       3       org.objectweb.asm.SymbolTable$Entry::<init> (18 bytes)
Event: 21.932 Thread 0x000001bea6c10000 nmethod 2360 0x000001be8ffe9310 code [0x000001be8ffe94c0, 0x000001be8ffe9628]
Event: 21.932 Thread 0x000001bea6c10000 2356       3       java.util.regex.Pattern$LastNode::match (45 bytes)
Event: 21.932 Thread 0x000001bea6c10000 nmethod 2356 0x000001be8ffe9710 code [0x000001be8ffe98c0, 0x000001be8ffe9ab8]
Event: 21.932 Thread 0x000001bea6c10000 2361       3       org.objectweb.asm.Attribute::putAttributes (78 bytes)
Event: 21.932 Thread 0x000001bea6c10000 nmethod 2361 0x000001be8ffe9c10 code [0x000001be8ffe9e80, 0x000001be8ffea398]

GC Heap History (6 events):
Event: 10.248 GC heap before
{Heap before GC invocations=0 (full 0):
 garbage-first heap   total 251904K, used 29696K [0x0000000080000000, 0x0000000100000000)
  region size 1024K, 24 young (24576K), 0 survivors (0K)
 Metaspace       used 10206K, capacity 10427K, committed 10624K, reserved 1058816K
  class space    used 1066K, capacity 1141K, committed 1152K, reserved 1048576K
}
Event: 10.253 GC heap after
{Heap after GC invocations=1 (full 0):
 garbage-first heap   total 251904K, used 9208K [0x0000000080000000, 0x0000000100000000)
  region size 1024K, 3 young (3072K), 3 survivors (3072K)
 Metaspace       used 10206K, capacity 10427K, committed 10624K, reserved 1058816K
  class space    used 1066K, capacity 1141K, committed 1152K, reserved 1048576K
}
Event: 20.751 GC heap before
{Heap before GC invocations=1 (full 0):
 garbage-first heap   total 251904K, used 103416K [0x0000000080000000, 0x0000000100000000)
  region size 1024K, 96 young (98304K), 3 survivors (3072K)
 Metaspace       used 20544K, capacity 21092K, committed 21248K, reserved 1067008K
  class space    used 2508K, capacity 2690K, committed 2816K, reserved 1048576K
}
Event: 20.758 GC heap after
{Heap after GC invocations=2 (full 0):
 garbage-first heap   total 251904K, used 16544K [0x0000000080000000, 0x0000000100000000)
  region size 1024K, 11 young (11264K), 11 survivors (11264K)
 Metaspace       used 20544K, capacity 21092K, committed 21248K, reserved 1067008K
  class space    used 2508K, capacity 2690K, committed 2816K, reserved 1048576K
}
Event: 21.366 GC heap before
{Heap before GC invocations=3 (full 0):
 garbage-first heap   total 251904K, used 58528K [0x0000000080000000, 0x0000000100000000)
  region size 1024K, 52 young (53248K), 11 survivors (11264K)
 Metaspace       used 24728K, capacity 25344K, committed 25472K, reserved 1071104K
  class space    used 3194K, capacity 3388K, committed 3456K, reserved 1048576K
}
Event: 21.371 GC heap after
{Heap after GC invocations=4 (full 0):
 garbage-first heap   total 251904K, used 18429K [0x0000000080000000, 0x0000000100000000)
  region size 1024K, 2 young (2048K), 2 survivors (2048K)
 Metaspace       used 24728K, capacity 25344K, committed 25472K, reserved 1071104K
  class space    used 3194K, capacity 3388K, committed 3456K, reserved 1048576K
}

Deoptimization events (20 events):
Event: 21.450 Thread 0x000001bea9956800 Uncommon trap: trap_request=0xffffffde fr.pc=0x000001be9711e6e0 relative=0x0000000000000320
Event: 21.450 Thread 0x000001bea9956800 Uncommon trap: reason=class_check action=maybe_recompile pc=0x000001be9711e6e0 method=java.util.Collections$SetFromMap.remove(Ljava/lang/Object;)Z @ 5 c2
Event: 21.450 Thread 0x000001bea9956800 DEOPT PACKING pc=0x000001be9711e6e0 sp=0x000000a1c4afc870
Event: 21.450 Thread 0x000001bea9956800 DEOPT UNPACKING pc=0x000001be8f5878af sp=0x000000a1c4afc858 mode 2
Event: 21.450 Thread 0x000001bea9956800 Uncommon trap: trap_request=0xffffffde fr.pc=0x000001be9711e6e0 relative=0x0000000000000320
Event: 21.450 Thread 0x000001bea9956800 Uncommon trap: reason=class_check action=maybe_recompile pc=0x000001be9711e6e0 method=java.util.Collections$SetFromMap.remove(Ljava/lang/Object;)Z @ 5 c2
Event: 21.450 Thread 0x000001bea9956800 DEOPT PACKING pc=0x000001be9711e6e0 sp=0x000000a1c4afc7f0
Event: 21.450 Thread 0x000001bea9956800 DEOPT UNPACKING pc=0x000001be8f5878af sp=0x000000a1c4afc7d8 mode 2
Event: 21.463 Thread 0x000001bea9956800 Uncommon trap: trap_request=0xffffff4d fr.pc=0x000001be97055ec0 relative=0x0000000000000500
Event: 21.463 Thread 0x000001bea9956800 Uncommon trap: reason=unstable_if action=reinterpret pc=0x000001be97055ec0 method=java.util.Properties$LineReader.readLine()I @ 249 c2
Event: 21.463 Thread 0x000001bea9956800 DEOPT PACKING pc=0x000001be97055ec0 sp=0x000000a1c4afbca0
Event: 21.463 Thread 0x000001bea9956800 DEOPT UNPACKING pc=0x000001be8f5878af sp=0x000000a1c4afbc30 mode 2
Event: 21.810 Thread 0x000001bea9956800 Uncommon trap: trap_request=0xffffff4d fr.pc=0x000001be9713a4cc relative=0x000000000000020c
Event: 21.810 Thread 0x000001bea9956800 Uncommon trap: reason=unstable_if action=reinterpret pc=0x000001be9713a4cc method=java.util.HashMap.hash(Ljava/lang/Object;)I @ 1 c2
Event: 21.810 Thread 0x000001bea9956800 DEOPT PACKING pc=0x000001be9713a4cc sp=0x000000a1c4af95f0
Event: 21.810 Thread 0x000001bea9956800 DEOPT UNPACKING pc=0x000001be8f5878af sp=0x000000a1c4af9528 mode 2
Event: 21.810 Thread 0x000001bea9956800 Uncommon trap: trap_request=0xffffff4d fr.pc=0x000001be9712682c relative=0x000000000000008c
Event: 21.810 Thread 0x000001bea9956800 Uncommon trap: reason=unstable_if action=reinterpret pc=0x000001be9712682c method=java.util.HashMap.hash(Ljava/lang/Object;)I @ 1 c2
Event: 21.810 Thread 0x000001bea9956800 DEOPT PACKING pc=0x000001be9712682c sp=0x000000a1c4af9370
Event: 21.810 Thread 0x000001bea9956800 DEOPT UNPACKING pc=0x000001be8f5878af sp=0x000000a1c4af9308 mode 2

Classes redefined (0 events):
No events

Internal exceptions (20 events):
Event: 20.774 Thread 0x000001bea9956800 Exception <a 'java/lang/NoSuchMethodError'{0x000000008f471a08}: 'void java.lang.invoke.DirectMethodHandle$Holder.invokeStatic(java.lang.Object, java.lang.Object, java.lang.Object, java.lang.Object, java.lang.Object)'> (0x000000008f471a08) thrown at [./src/hotspot/share/interpreter/linkResolver.cpp, line 773]
Event: 20.852 Thread 0x000001bea9956800 Exception <a 'java/lang/NoSuchMethodError'{0x000000008ef35ce0}: 'void java.lang.invoke.DirectMethodHandle$Holder.invokeSpecial(java.lang.Object, java.lang.Object)'> (0x000000008ef35ce0) thrown at [./src/hotspot/share/interpreter/linkResolver.cpp, line 773]
Event: 20.885 Thread 0x000001bea9956800 Exception <a 'java/lang/NoSuchMethodError'{0x000000008ed6a218}: 'java.lang.Object java.lang.invoke.DirectMethodHandle$Holder.invokeSpecial(java.lang.Object, java.lang.Object, java.lang.Object, java.lang.Object, java.lang.Object, java.lang.Object, java.lang.Object, java.lang.Object, java.lang.Object)'> (0x000000008ed6a218) thrown at [./src/hotspot/share/interpreter/linkResolver.cpp, line 773]
Event: 20.974 Thread 0x000001bea9956800 Exception <a 'java/lang/NoSuchMethodError'{0x000000008e308790}: 'java.lang.Object java.lang.invoke.DirectMethodHandle$Holder.invokeVirtual(java.lang.Object, java.lang.Object, java.lang.Object, java.lang.Object)'> (0x000000008e308790) thrown at [./src/hotspot/share/interpreter/linkResolver.cpp, line 773]
Event: 20.990 Thread 0x000001bea9956800 Exception <a 'java/lang/NoSuchMethodError'{0x000000008e1d1328}: 'java.lang.Object java.lang.invoke.Invokers$Holder.invoker(java.lang.Object, java.lang.Object, java.lang.Object, java.lang.Object, java.lang.Object)'> (0x000000008e1d1328) thrown at [./src/hotspot/share/interpreter/linkResolver.cpp, line 773]
Event: 21.119 Thread 0x000001bea9956800 Exception <a 'java/lang/NoSuchMethodError'{0x000000008dc1f3b8}: 'void java.lang.invoke.DirectMethodHandle$Holder.invokeSpecial(java.lang.Object, java.lang.Object, java.lang.Object, java.lang.Object, java.lang.Object, java.lang.Object)'> (0x000000008dc1f3b8) thrown at [./src/hotspot/share/interpreter/linkResolver.cpp, line 773]
Event: 21.128 Thread 0x000001bea9956800 Exception <a 'java/lang/NoSuchMethodError'{0x000000008db05998}: 'void java.lang.invoke.DirectMethodHandle$Holder.invokeSpecial(java.lang.Object, java.lang.Object, java.lang.Object, java.lang.Object, java.lang.Object, java.lang.Object, java.lang.Object)'> (0x000000008db05998) thrown at [./src/hotspot/share/interpreter/linkResolver.cpp, line 773]
Event: 21.128 Thread 0x000001bea9956800 Exception <a 'java/lang/NoSuchMethodError'{0x000000008db0dbe0}: 'java.lang.Object java.lang.invoke.Invokers$Holder.linkToTargetMethod(java.lang.Object, java.lang.Object, java.lang.Object, java.lang.Object, java.lang.Object, java.lang.Object)'> (0x000000008db0dbe0) thrown at [./src/hotspot/share/interpreter/linkResolver.cpp, line 773]
Event: 21.342 Thread 0x000001bea9956800 Exception <a 'java/lang/NoSuchMethodError'{0x000000008ce496f0}: 'void java.lang.invoke.DirectMethodHandle$Holder.invokeStaticInit(java.lang.Object, java.lang.Object)'> (0x000000008ce496f0) thrown at [./src/hotspot/share/interpreter/linkResolver.cpp, line 773]
Event: 21.430 Thread 0x000001bea9956800 Exception <a 'java/lang/NoSuchMethodError'{0x000000008f0c72c0}: 'void java.lang.invoke.DirectMethodHandle$Holder.invokeStatic(java.lang.Object, java.lang.Object, java.lang.Object, java.lang.Object)'> (0x000000008f0c72c0) thrown at [./src/hotspot/share/interpreter/linkResolver.cpp, line 773]
Event: 21.432 Thread 0x000001bea9956800 Exception <a 'java/lang/NoSuchMethodError'{0x000000008f0dadc0}: 'int java.lang.invoke.DirectMethodHandle$Holder.invokeInterface(java.lang.Object, java.lang.Object)'> (0x000000008f0dadc0) thrown at [./src/hotspot/share/interpreter/linkResolver.cpp, line 773]
Event: 21.560 Thread 0x000001bea9956800 Exception <a 'java/lang/NoSuchMethodError'{0x000000008e5f9b48}: 'java.lang.Object java.lang.invoke.DirectMethodHandle$Holder.invokeSpecialIFC(java.lang.Object, java.lang.Object, java.lang.Object, java.lang.Object)'> (0x000000008e5f9b48) thrown at [./src/hotspot/share/interpreter/linkResolver.cpp, line 773]
Event: 21.635 Thread 0x000001bea9956800 Exception <a 'java/lang/NoSuchMethodError'{0x000000008e4dc3c0}: 'java.lang.Object java.lang.invoke.DirectMethodHandle$Holder.invokeSpecial(java.lang.Object, java.lang.Object, java.lang.Object, java.lang.Object, java.lang.Object, java.lang.Object, java.lang.Object, java.lang.Object, java.lang.Object, java.lang.Object, java.lang.Object, java.lang.Object, java.lang.Object)'> (0x000000008e4dc3c0) thrown at [./src/hotspot/share/interpreter/linkResolver.cpp, line 773]
Event: 21.636 Thread 0x000001bea9956800 Exception <a 'java/lang/NoSuchMethodError'{0x000000008e4ed648}: 'java.lang.Object java.lang.invoke.DirectMethodHandle$Holder.invokeSpecial(java.lang.Object, java.lang.Object, java.lang.Object, java.lang.Object, java.lang.Object, java.lang.Object, java.lang.Object, java.lang.Object, java.lang.Object, java.lang.Object, java.lang.Object, java.lang.Object)'> (0x000000008e4ed648) thrown at [./src/hotspot/share/interpreter/linkResolver.cpp, line 773]
Event: 21.637 Thread 0x000001bea9956800 Exception <a 'java/lang/NoSuchMethodError'{0x000000008e4f2770}: 'java.lang.Object java.lang.invoke.Invokers$Holder.linkToTargetMethod(java.lang.Object, java.lang.Object, java.lang.Object, java.lang.Object, java.lang.Object, java.lang.Object, java.lang.Object, java.lang.Object, java.lang.Object, java.lang.Object, java.lang.Object)'> (0x000000008e4f2770) thrown at [./src/hotspot/share/interpreter/linkResolver.cpp, line 773]
Event: 21.679 Thread 0x000001bea9956800 Exception <a 'java/lang/NoSuchMethodError'{0x000000008e23d980}: 'java.lang.Object java.lang.invoke.DirectMethodHandle$Holder.invokeSpecial(java.lang.Object, java.lang.Object, java.lang.Object, java.lang.Object, java.lang.Object, java.lang.Object, java.lang.Object, java.lang.Object, java.lang.Object, java.lang.Object, java.lang.Object, java.lang.Object, java.lang.Object, java.lang.Object)'> (0x000000008e23d980) thrown at [./src/hotspot/share/interpreter/linkResolver.cpp, line 773]
Event: 21.679 Thread 0x000001bea9956800 Exception <a 'java/lang/NoSuchMethodError'{0x000000008e251f28}: 'java.lang.Object java.lang.invoke.Invokers$Holder.linkToTargetMethod(java.lang.Object, java.lang.Object, java.lang.Object, java.lang.Object, java.lang.Object, java.lang.Object, java.lang.Object, java.lang.Object, java.lang.Object, java.lang.Object, java.lang.Object, java.lang.Object)'> (0x000000008e251f28) thrown at [./src/hotspot/share/interpreter/linkResolver.cpp, line 773]
Event: 21.686 Thread 0x000001bea9956800 Exception <a 'java/lang/NoSuchMethodError'{0x000000008e2e66d0}: 'java.lang.Object java.lang.invoke.DirectMethodHandle$Holder.invokeStaticInit(java.lang.Object, java.lang.Object, java.lang.Object, java.lang.Object)'> (0x000000008e2e66d0) thrown at [./src/hotspot/share/interpreter/linkResolver.cpp, line 773]
Event: 21.810 Thread 0x000001bea9956800 Implicit null exception at 0x000001be9713a2f5 to 0x000001be9713a4bc
Event: 21.810 Thread 0x000001bea9956800 Implicit null exception at 0x000001be971267af to 0x000001be9712681d

Events (20 events):
Event: 21.937 loading class org/gradle/api/internal/notations/DependencyStringNotationConverter
Event: 21.937 loading class org/gradle/api/internal/notations/DependencyStringNotationConverter done
Event: 21.938 loading class org/gradle/api/internal/catalog/parser/StrictVersionParser
Event: 21.938 loading class org/gradle/api/internal/catalog/parser/StrictVersionParser done
Event: 21.938 loading class org/gradle/api/internal/notations/DependencyMapNotationConverter
Event: 21.938 loading class org/gradle/api/internal/notations/DependencyMapNotationConverter done
Event: 21.939 loading class org/gradle/api/internal/artifacts/repositories/resolver/DependencyConstraintMetadataImpl
Event: 21.939 loading class org/gradle/api/internal/artifacts/repositories/resolver/DependencyConstraintMetadataImpl done
Event: 21.940 loading class org/gradle/api/artifacts/DependencyConstraintMetadata
Event: 21.940 loading class org/gradle/api/artifacts/DependencyConstraintMetadata done
Event: 21.940 loading class org/gradle/api/internal/notations/ComponentIdentifierParserFactory
Event: 21.940 loading class org/gradle/api/internal/notations/ComponentIdentifierParserFactory done
Event: 21.941 loading class org/gradle/api/internal/notations/ComponentIdentifierParserFactory$StringNotationConverter
Event: 21.941 loading class org/gradle/api/internal/notations/ComponentIdentifierParserFactory$StringNotationConverter done
Event: 21.941 loading class org/gradle/api/internal/notations/ComponentIdentifierParserFactory$ComponentIdentifierMapNotationConverter
Event: 21.941 loading class org/gradle/api/internal/notations/ComponentIdentifierParserFactory$ComponentIdentifierMapNotationConverter done
Event: 21.942 loading class org/gradle/api/internal/artifacts/dsl/MetadataRuleWrapper
Event: 21.942 loading class org/gradle/api/internal/artifacts/dsl/MetadataRuleWrapper done
Event: 21.943 loading class org/gradle/internal/component/external/model/NoOpDerivationStrategy
Event: 21.943 loading class org/gradle/internal/component/external/model/NoOpDerivationStrategy done


Dynamic libraries:
0x00007ff7cac00000 - 0x00007ff7cac0a000 	G:\Android\Android Studio\jre\bin\java.exe
0x00007ff93f6e0000 - 0x00007ff93f948000 	C:\WINDOWS\SYSTEM32\ntdll.dll
0x00007ff93dc00000 - 0x00007ff93dcc9000 	C:\WINDOWS\System32\KERNEL32.DLL
0x00007ff93d090000 - 0x00007ff93d47d000 	C:\WINDOWS\System32\KERNELBASE.dll
0x00007ff93cd20000 - 0x00007ff93ce6b000 	C:\WINDOWS\System32\ucrtbase.dll
0x00007ff936e90000 - 0x00007ff936ea9000 	G:\Android\Android Studio\jre\bin\jli.dll
0x00007ff9326c0000 - 0x00007ff9326d7000 	G:\Android\Android Studio\jre\bin\VCRUNTIME140.dll
0x00007ff93ea40000 - 0x00007ff93ec0c000 	C:\WINDOWS\System32\USER32.dll
0x00007ff93cc60000 - 0x00007ff93cc87000 	C:\WINDOWS\System32\win32u.dll
0x00007ff92ba90000 - 0x00007ff92bd2a000 	C:\WINDOWS\WinSxS\amd64_microsoft.windows.common-controls_6595b64144ccf1df_6.0.26100.4484_none_3e0e6d4ce32ef3b3\COMCTL32.dll
0x00007ff93f5c0000 - 0x00007ff93f5eb000 	C:\WINDOWS\System32\GDI32.dll
0x00007ff93d960000 - 0x00007ff93da09000 	C:\WINDOWS\System32\msvcrt.dll
0x00007ff93cb20000 - 0x00007ff93cc57000 	C:\WINDOWS\System32\gdi32full.dll
0x00007ff93c830000 - 0x00007ff93c8d3000 	C:\WINDOWS\System32\msvcp_win.dll
0x00007ff93d820000 - 0x00007ff93d84f000 	C:\WINDOWS\System32\IMM32.DLL
0x00007ff918240000 - 0x00007ff9182dd000 	G:\Android\Android Studio\jre\bin\msvcp140.dll
0x00007ff8b5210000 - 0x00007ff8b5cdf000 	G:\Android\Android Studio\jre\bin\server\jvm.dll
0x00007ff93ddf0000 - 0x00007ff93dea4000 	C:\WINDOWS\System32\ADVAPI32.dll
0x00007ff93da10000 - 0x00007ff93dab6000 	C:\WINDOWS\System32\sechost.dll
0x00007ff93dcd0000 - 0x00007ff93dde8000 	C:\WINDOWS\System32\RPCRT4.dll
0x00007ff93deb0000 - 0x00007ff93deb8000 	C:\WINDOWS\System32\PSAPI.DLL
0x00007ff935dd0000 - 0x00007ff935ddb000 	C:\WINDOWS\SYSTEM32\VERSION.dll
0x00007ff934a90000 - 0x00007ff934ac5000 	C:\WINDOWS\SYSTEM32\WINMM.dll
0x00007ff936eb0000 - 0x00007ff936eba000 	C:\WINDOWS\SYSTEM32\WSOCK32.dll
0x00007ff93e0c0000 - 0x00007ff93e134000 	C:\WINDOWS\System32\WS2_32.dll
0x00007ff93b6f0000 - 0x00007ff93b70b000 	C:\WINDOWS\SYSTEM32\kernel.appcore.dll
0x00007ff8b6a70000 - 0x00007ff8b6a81000 	G:\Android\Android Studio\jre\bin\verify.dll
0x00007ff92bd40000 - 0x00007ff92bf81000 	C:\WINDOWS\SYSTEM32\DBGHELP.DLL
0x00007ff93d480000 - 0x00007ff93d806000 	C:\WINDOWS\System32\combase.dll
0x00007ff93f2e0000 - 0x00007ff93f3c0000 	C:\WINDOWS\System32\OLEAUT32.dll
0x00007ff92b090000 - 0x00007ff92b0d3000 	C:\WINDOWS\SYSTEM32\dbgcore.DLL
0x00007ff93cff0000 - 0x00007ff93d089000 	C:\WINDOWS\System32\bcryptPrimitives.dll
0x00007ff8b6a40000 - 0x00007ff8b6a69000 	G:\Android\Android Studio\jre\bin\java.dll
0x00007ff90c760000 - 0x00007ff90c76b000 	G:\Android\Android Studio\jre\bin\jimage.dll
0x00007ff8b51f0000 - 0x00007ff8b5208000 	G:\Android\Android Studio\jre\bin\zip.dll
0x00007ff93e2f0000 - 0x00007ff93ea3a000 	C:\WINDOWS\System32\SHELL32.dll
0x00007ff93c8e0000 - 0x00007ff93ca54000 	C:\WINDOWS\System32\wintypes.dll
0x00007ff93a4d0000 - 0x00007ff93ad2b000 	C:\WINDOWS\SYSTEM32\windows.storage.dll
0x00007ff93d860000 - 0x00007ff93d955000 	C:\WINDOWS\System32\SHCORE.dll
0x00007ff93dec0000 - 0x00007ff93df2a000 	C:\WINDOWS\System32\shlwapi.dll
0x00007ff93c740000 - 0x00007ff93c76f000 	C:\WINDOWS\SYSTEM32\profapi.dll
0x00007ff8b51d0000 - 0x00007ff8b51ea000 	G:\Android\Android Studio\jre\bin\net.dll
0x00007ff935c40000 - 0x00007ff935d5e000 	C:\WINDOWS\SYSTEM32\WINHTTP.dll
0x00007ff93bc80000 - 0x00007ff93bcea000 	C:\WINDOWS\system32\mswsock.dll
0x00007ff8b51b0000 - 0x00007ff8b51c4000 	G:\Android\Android Studio\jre\bin\nio.dll
0x00007ff907600000 - 0x00007ff907627000 	G:\Android\gradle-7.1.1\native\8bec1ad78214c89d9ad589b4d07fe93259594b29d510b10fafb7a158f7737e5d\windows-amd64\native-platform.dll
0x00007ff902b90000 - 0x00007ff902ccd000 	G:\Android\gradle-7.1.1\native\53dbd7edfb1c66fb8903c78663c9afc45aea4f116125fa6feffd364cf09443e8\windows-amd64\native-platform-file-events.dll
0x00007ff900450000 - 0x00007ff90045a000 	G:\Android\Android Studio\jre\bin\management.dll
0x00007ff8dd9f0000 - 0x00007ff8dd9fc000 	G:\Android\Android Studio\jre\bin\management_ext.dll
0x00007ff93bf30000 - 0x00007ff93bf4b000 	C:\WINDOWS\SYSTEM32\CRYPTSP.dll
0x00007ff93b650000 - 0x00007ff93b68b000 	C:\WINDOWS\system32\rsaenh.dll
0x00007ff93bd20000 - 0x00007ff93bd4b000 	C:\WINDOWS\SYSTEM32\USERENV.dll
0x00007ff93c710000 - 0x00007ff93c736000 	C:\WINDOWS\SYSTEM32\bcrypt.dll
0x00007ff93bf50000 - 0x00007ff93bf5c000 	C:\WINDOWS\SYSTEM32\CRYPTBASE.dll
0x00007ff93b090000 - 0x00007ff93b0c3000 	C:\WINDOWS\SYSTEM32\IPHLPAPI.DLL
0x00007ff93dbf0000 - 0x00007ff93dbfa000 	C:\WINDOWS\System32\NSI.dll
0x00007ff935de0000 - 0x00007ff935dff000 	C:\WINDOWS\SYSTEM32\dhcpcsvc6.DLL
0x00007ff935550000 - 0x00007ff935575000 	C:\WINDOWS\SYSTEM32\dhcpcsvc.DLL
0x00007ff93b120000 - 0x00007ff93b246000 	C:\WINDOWS\SYSTEM32\DNSAPI.dll

dbghelp: loaded successfully - version: 4.0.5 - missing functions: none
symbol engine: initialized successfully - sym options: 0x614 - pdb path: .;G:\Android\Android Studio\jre\bin;C:\WINDOWS\SYSTEM32;C:\WINDOWS\WinSxS\amd64_microsoft.windows.common-controls_6595b64144ccf1df_6.0.26100.4484_none_3e0e6d4ce32ef3b3;G:\Android\Android Studio\jre\bin\server;G:\Android\gradle-7.1.1\native\8bec1ad78214c89d9ad589b4d07fe93259594b29d510b10fafb7a158f7737e5d\windows-amd64;G:\Android\gradle-7.1.1\native\53dbd7edfb1c66fb8903c78663c9afc45aea4f116125fa6feffd364cf09443e8\windows-amd64

VM Arguments:
jvm_args: --add-opens=java.base/java.util=ALL-UNNAMED --add-opens=java.base/java.lang=ALL-UNNAMED --add-opens=java.base/java.lang.invoke=ALL-UNNAMED --add-opens=java.base/java.util=ALL-UNNAMED --add-opens=java.prefs/java.util.prefs=ALL-UNNAMED --add-opens=java.prefs/java.util.prefs=ALL-UNNAMED --add-opens=java.base/java.nio.charset=ALL-UNNAMED --add-opens=java.base/java.net=ALL-UNNAMED --add-opens=java.base/java.util.concurrent.atomic=ALL-UNNAMED -Xmx2048m -Dfile.encoding=UTF-8 -Duser.country=PE -Duser.language=es -Duser.variant 
java_command: org.gradle.launcher.daemon.bootstrap.GradleDaemon 7.0.2
java_class_path (initial): G:\Android\gradle-7.1.1\wrapper\dists\gradle-7.0.2-bin\857tjihv64xamwrf0h14cai3r\gradle-7.0.2\lib\gradle-launcher-7.0.2.jar
Launcher Type: SUN_STANDARD

[Global flags]
     intx CICompilerCount                          = 4                                         {product} {ergonomic}
     uint ConcGCThreads                            = 3                                         {product} {ergonomic}
     uint G1ConcRefinementThreads                  = 10                                        {product} {ergonomic}
   size_t G1HeapRegionSize                         = 1048576                                   {product} {ergonomic}
    uintx GCDrainStackTargetSize                   = 64                                        {product} {ergonomic}
   size_t InitialHeapSize                          = 257949696                                 {product} {ergonomic}
   size_t MarkStackSize                            = 4194304                                   {product} {ergonomic}
   size_t MaxHeapSize                              = 2147483648                                {product} {command line}
   size_t MaxNewSize                               = 1287651328                                {product} {ergonomic}
   size_t MinHeapDeltaBytes                        = 1048576                                   {product} {ergonomic}
    uintx NonNMethodCodeHeapSize                   = 5836300                                {pd product} {ergonomic}
    uintx NonProfiledCodeHeapSize                  = 122910970                              {pd product} {ergonomic}
    uintx ProfiledCodeHeapSize                     = 122910970                              {pd product} {ergonomic}
    uintx ReservedCodeCacheSize                    = 251658240                              {pd product} {ergonomic}
     bool SegmentedCodeCache                       = true                                      {product} {ergonomic}
     bool UseCompressedClassPointers               = true                                 {lp64_product} {ergonomic}
     bool UseCompressedOops                        = true                                 {lp64_product} {ergonomic}
     bool UseG1GC                                  = true                                      {product} {ergonomic}
     bool UseLargePagesIndividualAllocation        = false                                  {pd product} {ergonomic}

Logging:
Log output configuration:
 #0: stdout all=warning uptime,level,tags
 #1: stderr all=off uptime,level,tags

Environment Variables:
JAVA_HOME=C:\Program Files\OpenJDK\jdk-22.0.2
PATH=C:\Program Files (x86)\VMware\VMware Workstation\bin\;C:\Program Files\Microsoft MPI\Bin\;C:\Program Files\Common Files\Oracle\Java\javapath;C:\WINDOWS\system32;C:\WINDOWS;C:\WINDOWS\System32\Wbem;C:\WINDOWS\System32\WindowsPowerShell\v1.0\;C:\WINDOWS\System32\OpenSSH\;G:\;C:\Program Files\nodejs\;C:\ffmpeg\bin;C:\Program Files (x86)\Microsoft SQL Server\160\Tools\Binn\;C:\Program Files\Microsoft SQL Server\160\Tools\Binn\;C:\Program Files\Microsoft SQL Server\Client SDK\ODBC\170\Tools\Binn\;C:\Program Files\Microsoft SQL Server\160\DTS\Binn\;C:\Program Files (x86)\Microsoft SQL Server\160\DTS\Binn\;C:\ProgramData\chocolatey\bin;C:\Program Files\OpenJDK\jdk-22.0.2\bin;C:\Program Files\Git\cmd;C:\Users\pedro\AppData\Local\Microsoft\WindowsApps;C:\Users\pedro\AppData\Local\Programs\Microsoft VS Code\bin;C:\Users\pedro\AppData\Roaming\npm;C:\ffmpeg\bin;C:\kotlinc\bin;
USERNAME=pedro
OS=Windows_NT
PROCESSOR_IDENTIFIER=AMD64 Family 23 Model 96 Stepping 1, AuthenticAMD



---------------  S Y S T E M  ---------------

OS: Windows 10 , 64 bit Build 26100 (10.0.26100.4484)
OS uptime: 0 days 3:44 hours

CPU:total 12 (initial active 12) (12 cores per cpu, 2 threads per core) family 23 model 96 stepping 1 microcode 0x8600104, cmov, cx8, fxsr, mmx, sse, sse2, sse3, ssse3, sse4.1, sse4.2, popcnt, avx, avx2, aes, clmul, mmxext, 3dnowpref, lzcnt, sse4a, ht, tsc, tscinvbit, tscinv, bmi1, bmi2,

Memory: 4k page, system-wide physical 15741M (1993M free)
TotalPageFile size 24741M (AvailPageFile size 73M)
current process WorkingSet (physical memory assigned to process): 243M, peak: 243M
current process commit charge ("private bytes"): 412M, peak: 413M

vm_info: OpenJDK 64-Bit Server VM (11.0.10+0-b96-7249189) for windows-amd64 JRE (11.0.10+0-b96-7249189), built on Mar 31 2021 21:44:00 by "builder" with MS VC++ 14.0 (VS2015)

END.
